TN:
SF:src/modules/user/useCases/createUser/CreateUserController.ts
FN:6,handle
FNF:1
FNH:1
FNDA:4,handle
DA:1,1
DA:2,1
DA:3,1
DA:4,1
DA:5,1
DA:6,1
DA:7,4
DA:8,4
DA:9,4
DA:10,4
DA:11,4
DA:12,4
DA:13,4
DA:14,4
DA:15,4
DA:16,2
DA:17,2
DA:18,2
DA:19,1
DA:20,1
DA:21,1
LF:21
LH:21
BRDA:6,0,0,4
BRDA:16,1,0,2
BRF:2
BRH:2
end_of_record
TN:
SF:src/modules/user/useCases/createUser/CreateUserUseCase.ts
FN:12,CreateUserUseCase
FN:17,execute
FNF:2
FNH:2
FNDA:6,CreateUserUseCase
FNDA:7,execute
DA:1,1
DA:2,1
DA:3,1
DA:4,1
DA:5,1
DA:6,1
DA:7,1
DA:8,1
DA:9,1
DA:10,1
DA:11,1
DA:12,1
DA:13,6
DA:14,6
DA:15,6
DA:16,1
DA:17,1
DA:18,7
DA:19,7
DA:20,7
DA:21,3
DA:22,3
DA:23,4
DA:24,4
DA:25,1
DA:26,1
DA:27,1
LF:27
LH:27
BRDA:12,0,0,6
BRDA:17,1,0,7
BRDA:20,2,0,3
BRDA:23,3,0,4
BRF:4
BRH:4
end_of_record
TN:
SF:src/modules/user/useCases/getCurrentCoins/GetCurrentCoinsController.ts
FN:6,handle
FNF:1
FNH:1
FNDA:1,handle
DA:1,1
DA:2,1
DA:3,1
DA:4,1
DA:5,1
DA:6,1
DA:7,1
DA:8,1
DA:9,1
DA:10,1
DA:11,1
DA:12,1
DA:13,1
DA:14,1
DA:15,1
DA:16,1
DA:17,1
LF:17
LH:17
BRDA:6,0,0,1
BRF:1
BRH:1
end_of_record
TN:
SF:src/modules/user/useCases/getCurrentCoins/GetCurrentCoinsUseCase.ts
FN:10,GetCurrentCoinsUseCase
FN:15,execute
FNF:2
FNH:2
FNDA:3,GetCurrentCoinsUseCase
FNDA:3,execute
DA:1,1
DA:2,1
DA:3,1
DA:4,1
DA:5,1
DA:6,1
DA:7,1
DA:8,1
DA:9,1
DA:10,1
DA:11,3
DA:12,3
DA:13,3
DA:14,1
DA:15,1
DA:16,3
DA:17,3
DA:18,3
DA:19,1
DA:20,1
DA:21,2
DA:22,2
DA:23,2
DA:24,2
DA:25,2
DA:26,1
DA:27,1
DA:28,1
LF:28
LH:28
BRDA:10,0,0,3
BRDA:15,1,0,3
BRDA:18,2,0,2
BRDA:18,3,0,1
BRF:4
BRH:4
end_of_record
